Configuring foundation-0.0.13...
Building foundation-0.0.13...
Preprocessing library foundation-0.0.13...
[  1 of 159] Compiling Foundation.System.Bindings.Windows ( Foundation\System\Bindings\Windows.hs, .stack-work\dist\ca59d0ab\build\Foundation\System\Bindings\Windows.o )
[  2 of 159] Compiling Foundation.System.Bindings ( Foundation\System\Bindings.hs, .stack-work\dist\ca59d0ab\build\Foundation\System\Bindings.o )

Foundation\System\Bindings.hs:4:7: warning: [-Wdodgy-exports]
    The export item `module X' exports nothing

Foundation\System\Bindings.hs:8:1: warning: [-Wunused-imports]
    The import of `Foundation.System.Bindings.Windows' is redundant
      except perhaps to import instances from `Foundation.System.Bindings.Windows'
    To import instances alone, use: import Foundation.System.Bindings.Windows()
[  3 of 159] Compiling Foundation.String.Internal ( Foundation\String\Internal.hs, .stack-work\dist\ca59d0ab\build\Foundation\String\Internal.o )
[  4 of 159] Compiling Foundation.Strict ( Foundation\Strict.hs, .stack-work\dist\ca59d0ab\build\Foundation\Strict.o )
[  5 of 159] Compiling Foundation.Primitive.Base16 ( Foundation\Primitive\Base16.hs, .stack-work\dist\ca59d0ab\build\Foundation\Primitive\Base16.o )
[  6 of 159] Compiling Foundation.Numerical.Primitives ( Foundation\Numerical\Primitives.hs, .stack-work\dist\ca59d0ab\build\Foundation\Numerical\Primitives.o )
[  7 of 159] Compiling Foundation.Monad.MonadIO ( Foundation\Monad\MonadIO.hs, .stack-work\dist\ca59d0ab\build\Foundation\Monad\MonadIO.o )
[  8 of 159] Compiling Foundation.Internal.Typeable ( Foundation\Internal\Typeable.hs, .stack-work\dist\ca59d0ab\build\Foundation\Internal\Typeable.o )
[  9 of 159] Compiling Foundation.Internal.Proxy ( Foundation\Internal\Proxy.hs, .stack-work\dist\ca59d0ab\build\Foundation\Internal\Proxy.o )
[ 10 of 159] Compiling Foundation.Internal.PrimTypes ( Foundation\Internal\PrimTypes.hs, .stack-work\dist\ca59d0ab\build\Foundation\Internal\PrimTypes.o )
[ 11 of 159] Compiling Foundation.Internal.Primitive ( Foundation\Internal\Primitive.hs, .stack-work\dist\ca59d0ab\build\Foundation\Internal\Primitive.o )
[ 12 of 159] Compiling Foundation.Internal.Natural ( Foundation\Internal\Natural.hs, .stack-work\dist\ca59d0ab\build\Foundation\Internal\Natural.o )
[ 13 of 159] Compiling Foundation.Internal.NumLiteral ( Foundation\Internal\NumLiteral.hs, .stack-work\dist\ca59d0ab\build\Foundation\Internal\NumLiteral.o )
[ 14 of 159] Compiling Foundation.Internal.IsList ( Foundation\Internal\IsList.hs, .stack-work\dist\ca59d0ab\build\Foundation\Internal\IsList.o )
[ 15 of 159] Compiling Foundation.Internal.Identity ( Foundation\Internal\Identity.hs, .stack-work\dist\ca59d0ab\build\Foundation\Internal\Identity.o )
[ 16 of 159] Compiling Foundation.Internal.Environment ( Foundation\Internal\Environment.hs, .stack-work\dist\ca59d0ab\build\Foundation\Internal\Environment.o )
[ 17 of 159] Compiling Foundation.Internal.CallStack ( Foundation\Internal\CallStack.hs, .stack-work\dist\ca59d0ab\build\Foundation\Internal\CallStack.o )
[ 18 of 159] Compiling Foundation.Internal.Base ( Foundation\Internal\Base.hs, .stack-work\dist\ca59d0ab\build\Foundation\Internal\Base.o )
[ 19 of 159] Compiling Foundation.Internal.ByteSwap ( Foundation\Internal\ByteSwap.hs, .stack-work\dist\ca59d0ab\build\Foundation\Internal\ByteSwap.o )
[ 20 of 159] Compiling Foundation.Internal.MonadTrans ( Foundation\Internal\MonadTrans.hs, .stack-work\dist\ca59d0ab\build\Foundation\Internal\MonadTrans.o )
[ 21 of 159] Compiling Foundation.Math.Trigonometry ( Foundation\Math\Trigonometry.hs, .stack-work\dist\ca59d0ab\build\Foundation\Math\Trigonometry.o )
[ 22 of 159] Compiling Foundation.Monad.Exception ( Foundation\Monad\Exception.hs, .stack-work\dist\ca59d0ab\build\Foundation\Monad\Exception.o )
[ 23 of 159] Compiling Foundation.Monad.Transformer ( Foundation\Monad\Transformer.hs, .stack-work\dist\ca59d0ab\build\Foundation\Monad\Transformer.o )
[ 24 of 159] Compiling Foundation.Monad ( Foundation\Monad.hs, .stack-work\dist\ca59d0ab\build\Foundation\Monad.o )
[ 25 of 159] Compiling Foundation.Monad.Identity ( Foundation\Monad\Identity.hs, .stack-work\dist\ca59d0ab\build\Foundation\Monad\Identity.o )
[ 26 of 159] Compiling Foundation.Monad.Base ( Foundation\Monad\Base.hs, .stack-work\dist\ca59d0ab\build\Foundation\Monad\Base.o )
[ 27 of 159] Compiling Foundation.Monad.Reader ( Foundation\Monad\Reader.hs, .stack-work\dist\ca59d0ab\build\Foundation\Monad\Reader.o )
[ 28 of 159] Compiling Foundation.Numerical.Floating ( Foundation\Numerical\Floating.hs, .stack-work\dist\ca59d0ab\build\Foundation\Numerical\Floating.o )
[ 29 of 159] Compiling Foundation.Numerical.Number ( Foundation\Numerical\Number.hs, .stack-work\dist\ca59d0ab\build\Foundation\Numerical\Number.o )
[ 30 of 159] Compiling Foundation.Numerical.Additive ( Foundation\Numerical\Additive.hs, .stack-work\dist\ca59d0ab\build\Foundation\Numerical\Additive.o )
[ 31 of 159] Compiling Foundation.Numerical.Multiplicative ( Foundation\Numerical\Multiplicative.hs, .stack-work\dist\ca59d0ab\build\Foundation\Numerical\Multiplicative.o )
[ 32 of 159] Compiling Foundation.Partial ( Foundation\Partial.hs, .stack-work\dist\ca59d0ab\build\Foundation\Partial.o )
[ 33 of 159] Compiling Foundation.Primitive.Endianness ( Foundation\Primitive\Endianness.hs, .stack-work\dist\ca59d0ab\build\Foundation\Primitive\Endianness.o )
[ 34 of 159] Compiling Foundation.Primitive.Floating ( Foundation\Primitive\Floating.hs, .stack-work\dist\ca59d0ab\build\Foundation\Primitive\Floating.o )
[ 35 of 159] Compiling Foundation.Primitive.IntegralConv ( Foundation\Primitive\IntegralConv.hs, .stack-work\dist\ca59d0ab\build\Foundation\Primitive\IntegralConv.o )
[ 36 of 159] Compiling Foundation.Numerical.Subtractive ( Foundation\Numerical\Subtractive.hs, .stack-work\dist\ca59d0ab\build\Foundation\Numerical\Subtractive.o )
[ 37 of 159] Compiling Foundation.Numerical ( Foundation\Numerical.hs, .stack-work\dist\ca59d0ab\build\Foundation\Numerical.o )
[ 38 of 159] Compiling Foundation.Primitive.Monad ( Foundation\Primitive\Monad.hs, .stack-work\dist\ca59d0ab\build\Foundation\Primitive\Monad.o )
[ 39 of 159] Compiling Foundation.Primitive.FinalPtr ( Foundation\Primitive\FinalPtr.hs, .stack-work\dist\ca59d0ab\build\Foundation\Primitive\FinalPtr.o )
[ 40 of 159] Compiling Foundation.Primitive.Nat ( Foundation\Primitive\Nat.hs, .stack-work\dist\ca59d0ab\build\Foundation\Primitive\Nat.o )
[ 41 of 159] Compiling Foundation.List.ListN ( Foundation\List\ListN.hs, .stack-work\dist\ca59d0ab\build\Foundation\List\ListN.o )
[ 42 of 159] Compiling Foundation.Primitive.Types.OffsetSize ( Foundation\Primitive\Types\OffsetSize.hs, .stack-work\dist\ca59d0ab\build\Foundation\Primitive\Types\OffsetSize.o )
[ 43 of 159] Compiling Foundation.Primitive.Exception ( Foundation\Primitive\Exception.hs, .stack-work\dist\ca59d0ab\build\Foundation\Primitive\Exception.o )
[ 44 of 159] Compiling Foundation.Primitive.NormalForm ( Foundation\Primitive\NormalForm.hs, .stack-work\dist\ca59d0ab\build\Foundation\Primitive\NormalForm.o )
[ 45 of 159] Compiling Foundation.Primitive.Runtime ( Foundation\Primitive\Runtime.hs, .stack-work\dist\ca59d0ab\build\Foundation\Primitive\Runtime.o )
[ 46 of 159] Compiling Foundation.Primitive.Types ( Foundation\Primitive\Types.hs, .stack-work\dist\ca59d0ab\build\Foundation\Primitive\Types.o )
[ 47 of 159] Compiling Foundation.System.Bindings.Hs ( Foundation\System\Bindings\Hs.hs, .stack-work\dist\ca59d0ab\build\Foundation\System\Bindings\Hs.o )
[ 48 of 159] Compiling Foundation.Primitive.Block.Base ( Foundation\Primitive\Block\Base.hs, .stack-work\dist\ca59d0ab\build\Foundation\Primitive\Block\Base.o )
[ 49 of 159] Compiling Foundation.Primitive.Block.Mutable ( Foundation\Primitive\Block\Mutable.hs, .stack-work\dist\ca59d0ab\build\Foundation\Primitive\Block\Mutable.o )
[ 50 of 159] Compiling Foundation.Primitive.Types.Ptr ( Foundation\Primitive\Types\Ptr.hs, .stack-work\dist\ca59d0ab\build\Foundation\Primitive\Types\Ptr.o )
[ 51 of 159] Compiling Foundation.Primitive.UArray.Addr ( Foundation\Primitive\UArray\Addr.hs, .stack-work\dist\ca59d0ab\build\Foundation\Primitive\UArray\Addr.o )
[ 52 of 159] Compiling Foundation.Primitive.UArray.BA ( Foundation\Primitive\UArray\BA.hs, .stack-work\dist\ca59d0ab\build\Foundation\Primitive\UArray\BA.o )
[ 53 of 159] Compiling Foundation.Primitive.UTF8.Helper ( Foundation\Primitive\UTF8\Helper.hs, .stack-work\dist\ca59d0ab\build\Foundation\Primitive\UTF8\Helper.o )
[ 54 of 159] Compiling Foundation.Primitive.UTF8.Table ( Foundation\Primitive\UTF8\Table.hs, .stack-work\dist\ca59d0ab\build\Foundation\Primitive\UTF8\Table.o )
[ 55 of 159] Compiling Foundation.Primitive.UTF8.Types ( Foundation\Primitive\UTF8\Types.hs, .stack-work\dist\ca59d0ab\build\Foundation\Primitive\UTF8\Types.o )
[ 56 of 159] Compiling Foundation.Primitive.UTF8.Addr ( Foundation\Primitive\UTF8\Addr.hs, .stack-work\dist\ca59d0ab\build\Foundation\Primitive\UTF8\Addr.o )
[ 57 of 159] Compiling Foundation.Primitive.UTF8.BA ( Foundation\Primitive\UTF8\BA.hs, .stack-work\dist\ca59d0ab\build\Foundation\Primitive\UTF8\BA.o )
[ 58 of 159] Compiling Foundation.Primitive.Utils ( Foundation\Primitive\Utils.hs, .stack-work\dist\ca59d0ab\build\Foundation\Primitive\Utils.o )
[ 59 of 159] Compiling Foundation.String.UTF8.Addr ( Foundation\String\UTF8\Addr.hs, .stack-work\dist\ca59d0ab\build\Foundation\String\UTF8\Addr.o )
[ 60 of 159] Compiling Foundation.String.UTF8.BA ( Foundation\String\UTF8\BA.hs, .stack-work\dist\ca59d0ab\build\Foundation\String\UTF8\BA.o )
[ 61 of 159] Compiling Foundation.System.Bindings.Network ( .stack-work\dist\ca59d0ab\build\Foundation\System\Bindings\Network.hs, .stack-work\dist\ca59d0ab\build\Foundation\System\Bindings\Network.o )
[ 62 of 159] Compiling Foundation.System.Bindings.Time ( .stack-work\dist\ca59d0ab\build\Foundation\System\Bindings\Time.hs, .stack-work\dist\ca59d0ab\build\Foundation\System\Bindings\Time.o )
[ 63 of 159] Compiling Foundation.System.Entropy.Common ( Foundation\System\Entropy\Common.hs, .stack-work\dist\ca59d0ab\build\Foundation\System\Entropy\Common.o )
[ 64 of 159] Compiling Foundation.System.Entropy.Windows ( Foundation\System\Entropy\Windows.hs, .stack-work\dist\ca59d0ab\build\Foundation\System\Entropy\Windows.o )
[ 65 of 159] Compiling Foundation.VFS.Path ( Foundation\VFS\Path.hs, .stack-work\dist\ca59d0ab\build\Foundation\VFS\Path.o )
[ 66 of 159] Compiling Foundation.VFS.URI ( Foundation\VFS\URI.hs, .stack-work\dist\ca59d0ab\build\Foundation\VFS\URI.o )
[ 67 of 159] Compiling Foundation.Convertible ( Foundation\Convertible.hs, .stack-work\dist\ca59d0ab\build\Foundation\Convertible.o )
[ 68 of 159] Compiling Foundation.Collection.NonEmpty ( Foundation\Collection\NonEmpty.hs, .stack-work\dist\ca59d0ab\build\Foundation\Collection\NonEmpty.o )
[ 69 of 159] Compiling Foundation.Primitive.Block ( Foundation\Primitive\Block.hs, .stack-work\dist\ca59d0ab\build\Foundation\Primitive\Block.o )
[ 70 of 159] Compiling Foundation.Primitive.BlockN ( Foundation\Primitive\BlockN.hs, .stack-work\dist\ca59d0ab\build\Foundation\Primitive\BlockN.o )
[ 71 of 159] Compiling Foundation.Collection.List ( Foundation\Collection\List.hs, .stack-work\dist\ca59d0ab\build\Foundation\Collection\List.o )
[ 72 of 159] Compiling Foundation.Collection.Keyed ( Foundation\Collection\Keyed.hs, .stack-work\dist\ca59d0ab\build\Foundation\Collection\Keyed.o )
[ 73 of 159] Compiling Foundation.Class.Bifunctor ( Foundation\Class\Bifunctor.hs, .stack-work\dist\ca59d0ab\build\Foundation\Class\Bifunctor.o )
[ 74 of 159] Compiling Foundation.Monad.State ( Foundation\Monad\State.hs, .stack-work\dist\ca59d0ab\build\Foundation\Monad\State.o )
[ 75 of 159] Compiling Foundation.Primitive.These ( Foundation\Primitive\These.hs, .stack-work\dist\ca59d0ab\build\Foundation\Primitive\These.o )
[ 76 of 159] Compiling Foundation.Primitive ( Foundation\Primitive.hs, .stack-work\dist\ca59d0ab\build\Foundation\Primitive.o )
[ 77 of 159] Compiling Foundation.Tuple ( Foundation\Tuple.hs, .stack-work\dist\ca59d0ab\build\Foundation\Tuple.o )
[ 78 of 159] Compiling Foundation.Tuple.Nth ( Foundation\Tuple\Nth.hs, .stack-work\dist\ca59d0ab\build\Foundation\Tuple\Nth.o )
[ 79 of 159] Compiling Foundation.Boot.List ( Foundation\Boot\List.hs, .stack-work\dist\ca59d0ab\build\Foundation\Boot\List.o )
[ 80 of 159] Compiling Foundation.Primitive.UArray.Base ( Foundation\Primitive\UArray\Base.hs, .stack-work\dist\ca59d0ab\build\Foundation\Primitive\UArray\Base.o )
[ 81 of 159] Compiling Foundation.Boot.Builder ( Foundation\Boot\Builder.hs, .stack-work\dist\ca59d0ab\build\Foundation\Boot\Builder.o )
[ 82 of 159] Compiling Foundation.Bits  ( Foundation\Bits.hs, .stack-work\dist\ca59d0ab\build\Foundation\Bits.o )
[ 83 of 159] Compiling Foundation.Array.Unboxed.Mutable ( Foundation\Array\Unboxed\Mutable.hs, .stack-work\dist\ca59d0ab\build\Foundation\Array\Unboxed\Mutable.o )
[ 84 of 159] Compiling Foundation.Array.Unboxed.ByteArray ( Foundation\Array\Unboxed\ByteArray.hs, .stack-work\dist\ca59d0ab\build\Foundation\Array\Unboxed\ByteArray.o )
[ 85 of 159] Compiling Foundation.Array.Unboxed ( Foundation\Array\Unboxed.hs, .stack-work\dist\ca59d0ab\build\Foundation\Array\Unboxed.o )

Foundation\Array\Unboxed.hs:390:11: warning: [-Winline-rule-shadowing]
    Rule "breakElem Word8" may never fire
      because `breakElem' might inline first
    Probable fix: add an INLINE[n] or NOINLINE[n] pragma for `breakElem'
[ 86 of 159] Compiling Foundation.Foreign ( Foundation\Foreign.hs, .stack-work\dist\ca59d0ab\build\Foundation\Foreign.o )
[ 87 of 159] Compiling Foundation.String.Encoding.Encoding ( Foundation\String\Encoding\Encoding.hs, .stack-work\dist\ca59d0ab\build\Foundation\String\Encoding\Encoding.o )
[ 88 of 159] Compiling Foundation.String.Encoding.ASCII7 ( Foundation\String\Encoding\ASCII7.hs, .stack-work\dist\ca59d0ab\build\Foundation\String\Encoding\ASCII7.o )
[ 89 of 159] Compiling Foundation.String.Encoding.ISO_8859_1 ( Foundation\String\Encoding\ISO_8859_1.hs, .stack-work\dist\ca59d0ab\build\Foundation\String\Encoding\ISO_8859_1.o )
[ 90 of 159] Compiling Foundation.String.Encoding.UTF16 ( Foundation\String\Encoding\UTF16.hs, .stack-work\dist\ca59d0ab\build\Foundation\String\Encoding\UTF16.o )
[ 91 of 159] Compiling Foundation.String.Encoding.UTF32 ( Foundation\String\Encoding\UTF32.hs, .stack-work\dist\ca59d0ab\build\Foundation\String\Encoding\UTF32.o )
[ 92 of 159] Compiling Foundation.String.ModifiedUTF8 ( Foundation\String\ModifiedUTF8.hs, .stack-work\dist\ca59d0ab\build\Foundation\String\ModifiedUTF8.o )
[ 93 of 159] Compiling Foundation.Primitive.UTF8.Base ( Foundation\Primitive\UTF8\Base.hs, .stack-work\dist\ca59d0ab\build\Foundation\Primitive\UTF8\Base.o )
[ 94 of 159] Compiling Foundation.Primitive.Error ( Foundation\Primitive\Error.hs, .stack-work\dist\ca59d0ab\build\Foundation\Primitive\Error.o )
[ 95 of 159] Compiling Foundation.Primitive.Show ( Foundation\Primitive\Show.hs, .stack-work\dist\ca59d0ab\build\Foundation\Primitive\Show.o )
[ 96 of 159] Compiling Foundation.String.UTF8 ( Foundation\String\UTF8.hs, .stack-work\dist\ca59d0ab\build\Foundation\String\UTF8.o )
[ 97 of 159] Compiling Foundation.String ( Foundation\String.hs, .stack-work\dist\ca59d0ab\build\Foundation\String.o )
[ 98 of 159] Compiling Foundation.System.Info ( Foundation\System\Info.hs, .stack-work\dist\ca59d0ab\build\Foundation\System\Info.o )
[ 99 of 159] Compiling Foundation.String.Builder ( Foundation\String\Builder.hs, .stack-work\dist\ca59d0ab\build\Foundation\String\Builder.o )
[100 of 159] Compiling Foundation.String.Read ( Foundation\String\Read.hs, .stack-work\dist\ca59d0ab\build\Foundation\String\Read.o )
[101 of 159] Compiling Foundation.System.Entropy ( Foundation\System\Entropy.hs, .stack-work\dist\ca59d0ab\build\Foundation\System\Entropy.o )
[102 of 159] Compiling Foundation.Array.Internal ( Foundation\Array\Internal.hs, .stack-work\dist\ca59d0ab\build\Foundation\Array\Internal.o )
[103 of 159] Compiling Foundation.Array.Boxed ( Foundation\Array\Boxed.hs, .stack-work\dist\ca59d0ab\build\Foundation\Array\Boxed.o )
[104 of 159] Compiling Foundation.Collection.Copy ( Foundation\Collection\Copy.hs, .stack-work\dist\ca59d0ab\build\Foundation\Collection\Copy.o )
[105 of 159] Compiling Foundation.Collection.Element ( Foundation\Collection\Element.hs, .stack-work\dist\ca59d0ab\build\Foundation\Collection\Element.o )
[106 of 159] Compiling Foundation.Collection.Buildable ( Foundation\Collection\Buildable.hs, .stack-work\dist\ca59d0ab\build\Foundation\Collection\Buildable.o )
[107 of 159] Compiling Foundation.Collection.Collection ( Foundation\Collection\Collection.hs, .stack-work\dist\ca59d0ab\build\Foundation\Collection\Collection.o )

Foundation\Collection\Collection.hs:61:1: warning: [-Worphans]
    Orphan instance: instance Collection c => IsList (NonEmpty c)
    To avoid this
        move the instance declaration to the module of the class or of the type, or
        wrap the type with a newtype and declare the instance on the new type.
[108 of 159] Compiling Foundation.Collection.Foldable ( Foundation\Collection\Foldable.hs, .stack-work\dist\ca59d0ab\build\Foundation\Collection\Foldable.o )
[109 of 159] Compiling Foundation.Collection.Indexed ( Foundation\Collection\Indexed.hs, .stack-work\dist\ca59d0ab\build\Foundation\Collection\Indexed.o )
[110 of 159] Compiling Foundation.Collection.InnerFunctor ( Foundation\Collection\InnerFunctor.hs, .stack-work\dist\ca59d0ab\build\Foundation\Collection\InnerFunctor.o )
[111 of 159] Compiling Foundation.Collection.Mappable ( Foundation\Collection\Mappable.hs, .stack-work\dist\ca59d0ab\build\Foundation\Collection\Mappable.o )
[112 of 159] Compiling Foundation.Collection.Mutable ( Foundation\Collection\Mutable.hs, .stack-work\dist\ca59d0ab\build\Foundation\Collection\Mutable.o )
[113 of 159] Compiling Foundation.Collection.Sequential ( Foundation\Collection\Sequential.hs, .stack-work\dist\ca59d0ab\build\Foundation\Collection\Sequential.o )
[114 of 159] Compiling Foundation.Collection.Zippable ( Foundation\Collection\Zippable.hs, .stack-work\dist\ca59d0ab\build\Foundation\Collection\Zippable.o )
[115 of 159] Compiling Foundation.Collection ( Foundation\Collection.hs, .stack-work\dist\ca59d0ab\build\Foundation\Collection.o )
[116 of 159] Compiling Foundation.Array.Chunked.Unboxed ( Foundation\Array\Chunked\Unboxed.hs, .stack-work\dist\ca59d0ab\build\Foundation\Array\Chunked\Unboxed.o )
[117 of 159] Compiling Foundation.Class.Storable ( Foundation\Class\Storable.hs, .stack-work\dist\ca59d0ab\build\Foundation\Class\Storable.o )
[118 of 159] Compiling Foundation.List.DList ( Foundation\List\DList.hs, .stack-work\dist\ca59d0ab\build\Foundation\List\DList.o )
[119 of 159] Compiling Foundation.Parser ( Foundation\Parser.hs, .stack-work\dist\ca59d0ab\build\Foundation\Parser.o )
[120 of 159] Compiling Foundation.String.ASCII ( Foundation\String\ASCII.hs, .stack-work\dist\ca59d0ab\build\Foundation\String\ASCII.o )

Foundation\String\ASCII.hs:189:11: warning: [-Winline-rule-shadowing]
    Rule "break (== 'c')" may never fire
      because rule "Class op ==" for `==' might fire first
    Probable fix: add phase [n] or [~n] to the competing rule
[121 of 159] Compiling Foundation.Primitive.Imports ( Foundation\Primitive\Imports.hs, .stack-work\dist\ca59d0ab\build\Foundation\Primitive\Imports.o )
[122 of 159] Compiling Foundation.Conduit.Internal ( Foundation\Conduit\Internal.hs, .stack-work\dist\ca59d0ab\build\Foundation\Conduit\Internal.o )

Foundation\Conduit\Internal.hs:147:11: warning: [-Winline-rule-shadowing]
    Rule "conduit: await >>= maybe" may never fire
      because `maybe' might inline first
    Probable fix: add an INLINE[n] or NOINLINE[n] pragma for `maybe'
[123 of 159] Compiling Foundation.Conduit.Textual ( Foundation\Conduit\Textual.hs, .stack-work\dist\ca59d0ab\build\Foundation\Conduit\Textual.o )
[124 of 159] Compiling Foundation.Foreign.Alloc ( Foundation\Foreign\Alloc.hs, .stack-work\dist\ca59d0ab\build\Foundation\Foreign\Alloc.o )
[125 of 159] Compiling Foundation.IO.Terminal ( Foundation\IO\Terminal.hs, .stack-work\dist\ca59d0ab\build\Foundation\IO\Terminal.o )
[126 of 159] Compiling Foundation.Time.Types ( Foundation\Time\Types.hs, .stack-work\dist\ca59d0ab\build\Foundation\Time\Types.o )
[127 of 159] Compiling Foundation.Time.Bindings ( Foundation\Time\Bindings.hs, .stack-work\dist\ca59d0ab\build\Foundation\Time\Bindings.o )
[128 of 159] Compiling Foundation.Time.StopWatch ( Foundation\Time\StopWatch.hs, .stack-work\dist\ca59d0ab\build\Foundation\Time\StopWatch.o )
[129 of 159] Compiling Foundation.Timing ( Foundation\Timing.hs, .stack-work\dist\ca59d0ab\build\Foundation\Timing.o )
[130 of 159] Compiling Foundation.Timing.Main ( Foundation\Timing\Main.hs, .stack-work\dist\ca59d0ab\build\Foundation\Timing\Main.o )
[131 of 159] Compiling Foundation.Array.Bitmap ( Foundation\Array\Bitmap.hs, .stack-work\dist\ca59d0ab\build\Foundation\Array\Bitmap.o )
[132 of 159] Compiling Foundation.Array ( Foundation\Array.hs, .stack-work\dist\ca59d0ab\build\Foundation\Array.o )
[133 of 159] Compiling Foundation.Hashing.Hasher ( Foundation\Hashing\Hasher.hs, .stack-work\dist\ca59d0ab\build\Foundation\Hashing\Hasher.o )
[134 of 159] Compiling Foundation.Hashing.FNV ( Foundation\Hashing\FNV.hs, .stack-work\dist\ca59d0ab\build\Foundation\Hashing\FNV.o )
[135 of 159] Compiling Foundation.Hashing.Hashable ( Foundation\Hashing\Hashable.hs, .stack-work\dist\ca59d0ab\build\Foundation\Hashing\Hashable.o )
[136 of 159] Compiling Foundation.Network.IPv4 ( Foundation\Network\IPv4.hs, .stack-work\dist\ca59d0ab\build\Foundation\Network\IPv4.o )
[137 of 159] Compiling Foundation.Network.IPv6 ( Foundation\Network\IPv6.hs, .stack-work\dist\ca59d0ab\build\Foundation\Network\IPv6.o )
[138 of 159] Compiling Foundation.Hashing.SipHash ( Foundation\Hashing\SipHash.hs, .stack-work\dist\ca59d0ab\build\Foundation\Hashing\SipHash.o )
[139 of 159] Compiling Foundation.Hashing ( Foundation\Hashing.hs, .stack-work\dist\ca59d0ab\build\Foundation\Hashing.o )
[140 of 159] Compiling Foundation.Random ( Foundation\Random.hs, .stack-work\dist\ca59d0ab\build\Foundation\Random.o )
[141 of 159] Compiling Foundation.Check.Gen ( Foundation\Check\Gen.hs, .stack-work\dist\ca59d0ab\build\Foundation\Check\Gen.o )
[142 of 159] Compiling Foundation.Check.Arbitrary ( Foundation\Check\Arbitrary.hs, .stack-work\dist\ca59d0ab\build\Foundation\Check\Arbitrary.o )
[143 of 159] Compiling Foundation.Check.Config ( Foundation\Check\Config.hs, .stack-work\dist\ca59d0ab\build\Foundation\Check\Config.o )
[144 of 159] Compiling Foundation.Check.Property ( Foundation\Check\Property.hs, .stack-work\dist\ca59d0ab\build\Foundation\Check\Property.o )
[145 of 159] Compiling Foundation.Check.Types ( Foundation\Check\Types.hs, .stack-work\dist\ca59d0ab\build\Foundation\Check\Types.o )
[146 of 159] Compiling Foundation.Check.Print ( Foundation\Check\Print.hs, .stack-work\dist\ca59d0ab\build\Foundation\Check\Print.o )
[147 of 159] Compiling Foundation.Check ( Foundation\Check.hs, .stack-work\dist\ca59d0ab\build\Foundation\Check.o )
[148 of 159] Compiling Foundation.Check.Main ( Foundation\Check\Main.hs, .stack-work\dist\ca59d0ab\build\Foundation\Check\Main.o )
[149 of 159] Compiling Foundation.UUID  ( Foundation\UUID.hs, .stack-work\dist\ca59d0ab\build\Foundation\UUID.o )
[150 of 159] Compiling Foundation.VFS.FilePath ( Foundation\VFS\FilePath.hs, .stack-work\dist\ca59d0ab\build\Foundation\VFS\FilePath.o )
[151 of 159] Compiling Foundation.VFS   ( Foundation\VFS.hs, .stack-work\dist\ca59d0ab\build\Foundation\VFS.o )
[152 of 159] Compiling Foundation.Foreign.MemoryMap.Types ( Foundation\Foreign\MemoryMap\Types.hs, .stack-work\dist\ca59d0ab\build\Foundation\Foreign\MemoryMap\Types.o )
[153 of 159] Compiling Foundation.Foreign.MemoryMap.Windows ( Foundation\Foreign\MemoryMap\Windows.hs, .stack-work\dist\ca59d0ab\build\Foundation\Foreign\MemoryMap\Windows.o )

Foundation\Foreign\MemoryMap\Windows.hs:12:1: warning: [-Wunused-imports]
    The import of `Foundation.Primitive.FinalPtr' is redundant
      except perhaps to import instances from `Foundation.Primitive.FinalPtr'
    To import instances alone, use: import Foundation.Primitive.FinalPtr()
[154 of 159] Compiling Foundation.Foreign.MemoryMap ( Foundation\Foreign\MemoryMap.hs, .stack-work\dist\ca59d0ab\build\Foundation\Foreign\MemoryMap.o )
[155 of 159] Compiling Foundation.IO.File ( Foundation\IO\File.hs, .stack-work\dist\ca59d0ab\build\Foundation\IO\File.o )
[156 of 159] Compiling Foundation.IO    ( Foundation\IO.hs, .stack-work\dist\ca59d0ab\build\Foundation\IO.o )
[157 of 159] Compiling Foundation.IO.FileMap ( Foundation\IO\FileMap.hs, .stack-work\dist\ca59d0ab\build\Foundation\IO\FileMap.o )
[158 of 159] Compiling Foundation       ( Foundation.hs, .stack-work\dist\ca59d0ab\build\Foundation.o )
[159 of 159] Compiling Foundation.Conduit ( Foundation\Conduit.hs, .stack-work\dist\ca59d0ab\build\Foundation\Conduit.o )
Installing library in
C:\sr\snapshots\56703eca\lib\x86_64-windows-ghc-8.0.2\foundation-0.0.13-8hL6yezKRDT92vuXh6j2Lr
Registering foundation-0.0.13...
